<?xml version="1.0" encoding="UTF-8"?>
<!-- Generated by org.testng.reporters.JUnitReportReporter -->
<testsuite skipped="0" hostname="DESKTOP-3IBL0LU" name="Implementation.WiFiDemo" tests="1" failures="0" timestamp="09 Jul 2020 06:58:17 GMT" time="24.629" errors="0">
  <testcase name="wifiSettings" time="24.629" classname="Implementation.WiFiDemo"/>
</testsuite> <!-- Implementation.WiFiDemo -->
